0 info it worked if it ends with ok
1 verbose cli [ '/usr/local/Cellar/node/6.8.1/bin/node',
1 verbose cli   '/usr/local/bin/npm',
1 verbose cli   'publish' ]
2 info using npm@4.1.1
3 info using node@v6.8.1
4 verbose publish [ '.' ]
5 verbose stack Error: Invalid version: "1.1"
5 verbose stack     at Object.fixVersionField (/usr/local/lib/node_modules/npm/node_modules/normalize-package-data/lib/fixer.js:191:13)
5 verbose stack     at /usr/local/lib/node_modules/npm/node_modules/normalize-package-data/lib/normalize.js:32:38
5 verbose stack     at Array.forEach (native)
5 verbose stack     at normalize (/usr/local/lib/node_modules/npm/node_modules/normalize-package-data/lib/normalize.js:31:15)
5 verbose stack     at final (/usr/local/lib/node_modules/npm/node_modules/read-package-json/read-json.js:349:5)
5 verbose stack     at then (/usr/local/lib/node_modules/npm/node_modules/read-package-json/read-json.js:124:5)
5 verbose stack     at /usr/local/lib/node_modules/npm/node_modules/read-package-json/read-json.js:311:12
5 verbose stack     at /usr/local/lib/node_modules/npm/node_modules/graceful-fs/graceful-fs.js:78:16
5 verbose stack     at tryToString (fs.js:455:3)
5 verbose stack     at FSReqWrap.readFileAfterClose [as oncomplete] (fs.js:442:12)
6 verbose cwd /Users/arjun/Documents/sandbox/expressive-api
7 error Darwin 15.6.0
8 error argv "/usr/local/Cellar/node/6.8.1/bin/node" "/usr/local/bin/npm" "publish"
9 error node v6.8.1
10 error npm  v4.1.1
11 error Invalid version: "1.1"
12 error If you need help, you may report this error at:
12 error     <https://github.com/npm/npm/issues>
13 verbose exit [ 1, true ]
